INFO 2024-10-14 20:57:59,357 autoreload 23488 23836 Watching for file changes with StatReloader
INFO 2024-10-14 20:58:01,695 basehttp 23488 24192 "GET / HTTP/1.1" 200 480
WARNING 2024-10-14 20:58:01,745 log 23488 24192 Not Found: /favicon.ico
WARNING 2024-10-14 20:58:01,745 basehttp 23488 24192 "GET /favicon.ico HTTP/1.1" 404 2446
INFO 2024-10-14 20:58:05,890 basehttp 23488 24192 "GET /api/search/?q=%EC%95%84%EB%8D%B8 HTTP/1.1" 200 74
INFO 2024-10-14 20:58:13,147 basehttp 23488 24192 "GET /api/search/?q=%EC%95%84%EB%8D%B8 HTTP/1.1" 200 74
INFO 2024-10-14 20:58:22,350 basehttp 23488 24192 "GET /api/search/?q=%EB%AC%B4%EB%8B%B9%ED%96%84%EC%8A%A4%ED%84%B0 HTTP/1.1" 200 83
INFO 2024-10-14 20:59:21,086 basehttp 23488 24192 "GET /api/search/?q=4 HTTP/1.1" 200 69
INFO 2024-10-14 21:01:34,813 autoreload 23488 23836 C:\Users\daehwan\Desktop\m_info\maple_info\chatbot_project\settings.py changed, reloading.
INFO 2024-10-14 21:01:35,947 autoreload 2892 22300 Watching for file changes with StatReloader
INFO 2024-10-14 21:01:37,454 basehttp 2892 3596 "GET /api/search/?q=4 HTTP/1.1" 200 69
INFO 2024-10-14 21:01:41,529 basehttp 2892 3596 "GET /api/search/?q=%EC%95%84%EB%8D%B8 HTTP/1.1" 200 405
INFO 2024-10-14 21:01:43,752 basehttp 2892 3596 "GET /character/api/character/%EC%95%84%EB%8D%B8/ HTTP/1.1" 200 169607
INFO 2024-10-14 21:03:23,962 autoreload 2892 22300 C:\Users\daehwan\Desktop\m_info\maple_info\chatbot_project\settings.py changed, reloading.
INFO 2024-10-14 21:03:25,258 autoreload 23664 23644 Watching for file changes with StatReloader
INFO 2024-10-14 21:03:26,742 autoreload 23664 23644 C:\Users\daehwan\Desktop\m_info\maple_info\chatbot_project\settings.py changed, reloading.
INFO 2024-10-14 21:03:28,056 autoreload 24004 11120 Watching for file changes with StatReloader
INFO 2024-10-14 21:03:36,777 basehttp 24004 22232 "GET / HTTP/1.1" 200 948
INFO 2024-10-14 21:03:36,797 basehttp 24004 9504 "GET /static/image/search_black.png HTTP/1.1" 200 9712
INFO 2024-10-14 21:03:36,799 basehttp 24004 22232 "GET /static/css/home.css HTTP/1.1" 200 1080
INFO 2024-10-14 21:03:36,844 basehttp 24004 22232 "GET /static/image/ai_maple.jpg HTTP/1.1" 200 243361
INFO 2024-10-14 21:03:43,353 basehttp 24004 22232 "GET /api/search/?q=%EC%95%84%EB%8D%B8 HTTP/1.1" 200 405
INFO 2024-10-14 21:03:45,087 basehttp 24004 22232 "GET /character/api/character/%EC%95%84%EB%8D%B8/ HTTP/1.1" 200 169607
INFO 2024-10-14 21:05:01,981 basehttp 24004 22232 "GET / HTTP/1.1" 200 948
INFO 2024-10-14 21:05:01,989 basehttp 24004 9504 "GET /static/image/search_black.png HTTP/1.1" 304 0
INFO 2024-10-14 21:05:01,990 basehttp 24004 22232 "GET /static/css/home.css HTTP/1.1" 200 1076
INFO 2024-10-14 21:05:01,995 basehttp 24004 22232 "GET /static/image/ai_maple.jpg HTTP/1.1" 304 0
INFO 2024-10-14 21:05:32,630 basehttp 24004 22232 "GET / HTTP/1.1" 200 948
INFO 2024-10-14 21:05:32,636 basehttp 24004 9504 "GET /static/image/search_black.png HTTP/1.1" 304 0
INFO 2024-10-14 21:05:32,637 basehttp 24004 22232 "GET /static/css/home.css HTTP/1.1" 200 1081
INFO 2024-10-14 21:05:32,643 basehttp 24004 22232 "GET /static/image/ai_maple.jpg HTTP/1.1" 304 0
INFO 2024-10-14 21:05:44,998 basehttp 24004 22232 "GET / HTTP/1.1" 200 948
INFO 2024-10-14 21:05:45,003 basehttp 24004 9504 "GET /static/image/search_black.png HTTP/1.1" 304 0
INFO 2024-10-14 21:05:45,005 basehttp 24004 22232 "GET /static/css/home.css HTTP/1.1" 200 1082
INFO 2024-10-14 21:05:45,007 basehttp 24004 22232 "GET /static/image/ai_maple.jpg HTTP/1.1" 304 0
INFO 2024-10-14 21:05:48,231 basehttp 24004 22232 "GET / HTTP/1.1" 200 948
INFO 2024-10-14 21:05:48,236 basehttp 24004 22232 "GET /static/css/home.css HTTP/1.1" 304 0
INFO 2024-10-14 21:05:48,427 basehttp 24004 22232 "GET / HTTP/1.1" 200 948
INFO 2024-10-14 21:05:48,432 basehttp 24004 22232 "GET /static/css/home.css HTTP/1.1" 304 0
INFO 2024-10-14 21:05:49,748 basehttp 24004 22232 "GET /static/css/home.css HTTP/1.1" 304 0
INFO 2024-10-14 21:05:51,686 basehttp 24004 22232 "GET / HTTP/1.1" 200 948
INFO 2024-10-14 21:05:51,696 basehttp 24004 22232 "GET /static/css/home.css HTTP/1.1" 200 1082
INFO 2024-10-14 21:05:51,696 basehttp 24004 9504 "GET /static/image/search_black.png HTTP/1.1" 200 9712
INFO 2024-10-14 21:05:51,705 basehttp 24004 22232 "GET /static/image/ai_maple.jpg HTTP/1.1" 200 243361
WARNING 2024-10-14 21:05:51,772 log 24004 22232 Not Found: /favicon.ico
WARNING 2024-10-14 21:05:51,773 basehttp 24004 22232 "GET /favicon.ico HTTP/1.1" 404 2446
INFO 2024-10-14 21:06:23,250 basehttp 24004 22232 "GET / HTTP/1.1" 200 948
INFO 2024-10-14 21:06:23,257 basehttp 24004 9504 "GET /static/image/search_black.png HTTP/1.1" 304 0
INFO 2024-10-14 21:06:23,258 basehttp 24004 22232 "GET /static/css/home.css HTTP/1.1" 200 1081
INFO 2024-10-14 21:06:23,262 basehttp 24004 22232 "GET /static/image/ai_maple.jpg HTTP/1.1" 304 0
INFO 2024-10-14 21:06:37,899 autoreload 17964 21372 Watching for file changes with StatReloader
INFO 2024-10-14 21:06:39,650 basehttp 17964 10044 "GET / HTTP/1.1" 200 948
INFO 2024-10-14 21:06:39,667 basehttp 17964 10044 "GET /static/css/home.css HTTP/1.1" 200 1081
INFO 2024-10-14 21:06:52,915 basehttp 17964 10044 "GET / HTTP/1.1" 200 948
INFO 2024-10-14 21:06:52,922 basehttp 17964 8804 "GET /static/image/search_black.png HTTP/1.1" 304 0
INFO 2024-10-14 21:06:52,924 basehttp 17964 10044 "GET /static/css/home.css HTTP/1.1" 200 1087
INFO 2024-10-14 21:06:52,927 basehttp 17964 10044 "GET /static/image/ai_maple.jpg HTTP/1.1" 304 0
INFO 2024-10-14 21:07:01,955 basehttp 17964 10044 "GET / HTTP/1.1" 200 948
INFO 2024-10-14 21:07:01,961 basehttp 17964 10044 "GET /static/css/home.css HTTP/1.1" 200 1080
INFO 2024-10-14 21:07:38,631 basehttp 17964 10044 "GET / HTTP/1.1" 200 948
INFO 2024-10-14 21:07:38,636 basehttp 17964 8804 "GET /static/image/search_black.png HTTP/1.1" 304 0
INFO 2024-10-14 21:07:38,637 basehttp 17964 10044 "GET /static/css/home.css HTTP/1.1" 200 1077
INFO 2024-10-14 21:07:38,640 basehttp 17964 10044 "GET /static/image/ai_maple.jpg HTTP/1.1" 304 0
INFO 2024-10-14 21:07:41,790 basehttp 17964 10044 "GET / HTTP/1.1" 200 948
INFO 2024-10-14 21:07:41,798 basehttp 17964 10044 "GET /static/css/home.css HTTP/1.1" 200 1080
INFO 2024-10-14 21:08:20,923 basehttp 17964 10044 "GET / HTTP/1.1" 200 948
INFO 2024-10-14 21:08:20,929 basehttp 17964 8804 "GET /static/image/search_black.png HTTP/1.1" 304 0
INFO 2024-10-14 21:08:20,936 basehttp 17964 10044 "GET /static/css/home.css HTTP/1.1" 200 1064
INFO 2024-10-14 21:08:20,940 basehttp 17964 10044 "GET /static/image/ai_maple.jpg HTTP/1.1" 304 0
INFO 2024-10-14 21:08:37,427 basehttp 17964 10044 "GET / HTTP/1.1" 200 948
INFO 2024-10-14 21:08:37,434 basehttp 17964 10044 "GET /static/css/home.css HTTP/1.1" 200 1064
INFO 2024-10-14 21:09:09,795 basehttp 17964 10044 "GET / HTTP/1.1" 200 948
INFO 2024-10-14 21:09:09,800 basehttp 17964 8804 "GET /static/image/search_black.png HTTP/1.1" 304 0
INFO 2024-10-14 21:09:09,802 basehttp 17964 10044 "GET /static/css/home.css HTTP/1.1" 200 1077
INFO 2024-10-14 21:09:09,804 basehttp 17964 10044 "GET /static/image/ai_maple.jpg HTTP/1.1" 304 0
INFO 2024-10-14 21:09:32,687 basehttp 17964 10044 "GET / HTTP/1.1" 200 948
INFO 2024-10-14 21:09:32,695 basehttp 17964 10044 "GET /static/css/home.css HTTP/1.1" 200 1073
INFO 2024-10-14 21:10:05,067 basehttp 17964 10044 "GET / HTTP/1.1" 200 948
INFO 2024-10-14 21:10:05,074 basehttp 17964 8804 "GET /static/image/search_black.png HTTP/1.1" 304 0
INFO 2024-10-14 21:10:05,080 basehttp 17964 10044 "GET /static/css/home.css HTTP/1.1" 200 1074
INFO 2024-10-14 21:10:05,085 basehttp 17964 10044 "GET /static/image/ai_maple.jpg HTTP/1.1" 304 0
INFO 2024-10-14 21:10:17,355 basehttp 17964 10044 "GET / HTTP/1.1" 200 948
INFO 2024-10-14 21:10:17,365 basehttp 17964 10044 "GET /static/css/home.css HTTP/1.1" 200 1079
INFO 2024-10-14 21:12:00,881 basehttp 17964 10044 "GET / HTTP/1.1" 200 948
INFO 2024-10-14 21:12:00,888 basehttp 17964 8804 "GET /static/image/search_black.png HTTP/1.1" 304 0
INFO 2024-10-14 21:12:00,889 basehttp 17964 10044 "GET /static/css/home.css HTTP/1.1" 200 1083
INFO 2024-10-14 21:12:00,892 basehttp 17964 10044 "GET /static/image/ai_maple.jpg HTTP/1.1" 304 0
INFO 2024-10-14 21:12:43,589 basehttp 17964 10044 "GET / HTTP/1.1" 200 948
INFO 2024-10-14 21:12:43,596 basehttp 17964 10044 "GET /static/css/home.css HTTP/1.1" 200 1079
